# JRE version: OpenJDK Runtime Environment (11.0.3+12) (build 11.0.3+12-b304.39)
# Java VM: OpenJDK 64-Bit Server VM (11.0.3+12-b304.39, mixed mode, tiered, compressed oops, g1 gc, windows-amd64)
Heap:
 garbage-first heap   total 260096K, used 79169K [0x0000000702800000, 0x0000000800000000)
  region size 1024K, 72 young (73728K), 5 survivors (5120K)
 Metaspace       used 31645K, capacity 32322K, committed 32384K, reserved 1077248K
  class space    used 3663K, capacity 3928K, committed 3968K, reserved 1048576K
GC Heap History (6 events):
Event: 1.347 GC heap before
{Heap before GC invocations=0 (full 0):
 garbage-first heap   total 260096K, used 24576K [0x0000000702800000, 0x0000000800000000)
  region size 1024K, 24 young (24576K), 0 survivors (0K)
 Metaspace       used 11546K, capacity 11758K, committed 12032K, reserved 1060864K
  class space    used 1105K, capacity 1173K, committed 1280K, reserved 1048576K
}
Event: 1.353 GC heap after
{Heap after GC invocations=1 (full 0):
 garbage-first heap   total 260096K, used 8372K [0x0000000702800000, 0x0000000800000000)
  region size 1024K, 3 young (3072K), 3 survivors (3072K)
 Metaspace       used 11546K, capacity 11758K, committed 12032K, reserved 1060864K
  class space    used 1105K, capacity 1173K, committed 1280K, reserved 1048576K
}
Event: 2.326 GC heap before
{Heap before GC invocations=1 (full 0):
 garbage-first heap   total 260096K, used 53428K [0x0000000702800000, 0x0000000800000000)
  region size 1024K, 48 young (49152K), 3 survivors (3072K)
 Metaspace       used 20841K, capacity 21198K, committed 21248K, reserved 1069056K
  class space    used 2391K, capacity 2532K, committed 2560K, reserved 1048576K
}
Event: 2.333 GC heap after
{Heap after GC invocations=2 (full 0):
 garbage-first heap   total 260096K, used 10418K [0x0000000702800000, 0x0000000800000000)
  region size 1024K, 5 young (5120K), 5 survivors (5120K)
 Metaspace       used 20841K, capacity 21198K, committed 21248K, reserved 1069056K
  class space    used 2391K, capacity 2532K, committed 2560K, reserved 1048576K
}
Event: 3.059 GC heap before
{Heap before GC invocations=3 (full 0):
 garbage-first heap   total 260096K, used 58546K [0x0000000702800000, 0x0000000800000000)
  region size 1024K, 52 young (53248K), 5 survivors (5120K)
 Metaspace       used 29413K, capacity 29943K, committed 30080K, reserved 1075200K
  class space    used 3435K, capacity 3636K, committed 3712K, reserved 1048576K
}
Event: 3.069 GC heap after
{Heap after GC invocations=4 (full 0):
 garbage-first heap   total 260096K, used 12609K [0x0000000702800000, 0x0000000800000000)
  region size 1024K, 5 young (5120K), 5 survivors (5120K)
 Metaspace       used 29413K, capacity 29943K, committed 30080K, reserved 1075200K
  class space    used 3435K, capacity 3636K, committed 3712K, reserved 1048576K
}

