# JRE version: OpenJDK Runtime Environment (11.0.3+12) (build 11.0.3+12-b304.39)
# Java VM: OpenJDK 64-Bit Server VM (11.0.3+12-b304.39, mixed mode, tiered, compressed oops, g1 gc, windows-amd64)
Heap:
 garbage-first heap   total 260096K, used 71981K [0x0000000702800000, 0x0000000800000000)
  region size 1024K, 62 young (63488K), 1 survivors (1024K)
 Metaspace       used 31145K, capacity 31766K, committed 32128K, reserved 1077248K
  class space    used 3613K, capacity 3851K, committed 3968K, reserved 1048576K
GC Heap History (6 events):
Event: 1.417 GC heap before
{Heap before GC invocations=0 (full 0):
 garbage-first heap   total 260096K, used 24576K [0x0000000702800000, 0x0000000800000000)
  region size 1024K, 24 young (24576K), 0 survivors (0K)
 Metaspace       used 11554K, capacity 11758K, committed 12032K, reserved 1060864K
  class space    used 1106K, capacity 1173K, committed 1280K, reserved 1048576K
}
Event: 1.423 GC heap after
{Heap after GC invocations=1 (full 0):
 garbage-first heap   total 260096K, used 8645K [0x0000000702800000, 0x0000000800000000)
  region size 1024K, 3 young (3072K), 3 survivors (3072K)
 Metaspace       used 11554K, capacity 11758K, committed 12032K, reserved 1060864K
  class space    used 1106K, capacity 1173K, committed 1280K, reserved 1048576K
}
Event: 2.355 GC heap before
{Heap before GC invocations=1 (full 0):
 garbage-first heap   total 260096K, used 54725K [0x0000000702800000, 0x0000000800000000)
  region size 1024K, 49 young (50176K), 3 survivors (3072K)
 Metaspace       used 20824K, capacity 21182K, committed 21248K, reserved 1069056K
  class space    used 2390K, capacity 2527K, committed 2560K, reserved 1048576K
}
Event: 2.363 GC heap after
{Heap after GC invocations=2 (full 0):
 garbage-first heap   total 260096K, used 10852K [0x0000000702800000, 0x0000000800000000)
  region size 1024K, 6 young (6144K), 6 survivors (6144K)
 Metaspace       used 20824K, capacity 21182K, committed 21248K, reserved 1069056K
  class space    used 2390K, capacity 2527K, committed 2560K, reserved 1048576K
}
Event: 2.568 GC heap before
{Heap before GC invocations=3 (full 0):
 garbage-first heap   total 260096K, used 26212K [0x0000000702800000, 0x0000000800000000)
  region size 1024K, 22 young (22528K), 6 survivors (6144K)
 Metaspace       used 23598K, capacity 24074K, committed 24192K, reserved 1071104K
  class space    used 2741K, capacity 2904K, committed 2944K, reserved 1048576K
}
Event: 2.576 GC heap after
{Heap after GC invocations=4 (full 0):
 garbage-first heap   total 260096K, used 11565K [0x0000000702800000, 0x0000000800000000)
  region size 1024K, 1 young (1024K), 1 survivors (1024K)
 Metaspace       used 23598K, capacity 24074K, committed 24192K, reserved 1071104K
  class space    used 2741K, capacity 2904K, committed 2944K, reserved 1048576K
}

